{
    "testng-results": {
        "@ignored": "0",
        "@total": "3",
        "@passed": "2",
        "@failed": "1",
        "@skipped": "0",
        "reporter-output": null,
        "suite": {
            "@started-at": "2024-01-18T12:57:23 GMT",
            "@name": "MySuite",
            "@finished-at": "2024-01-18T12:57:24 GMT",
            "@duration-ms": "76",
            "groups": null,
            "test": {
                "@started-at": "2024-01-18T12:57:23 GMT",
                "@name": "MyTest",
                "@finished-at": "2024-01-18T12:57:24 GMT",
                "@duration-ms": "76",
                "class": {
                    "@name": "org.example.SampleTest",
                    "test-method": [
                        {
                            "@signature": "testMethod1()[pri:0, instance:org.example.SampleTest@5656be13]",
                            "@started-at": "2024-01-18T12:57:23 GMT",
                            "@name": "testMethod1",
                            "@finished-at": "2024-01-18T12:57:23 GMT",
                            "@duration-ms": "11",
                            "@status": "PASS",
                            "reporter-output": null
                        },
                        {
                            "@signature": "testMethod2()[pri:0, instance:org.example.SampleTest@5656be13]",
                            "@started-at": "2024-01-18T12:57:23 GMT",
                            "@name": "testMethod2",
                            "@finished-at": "2024-01-18T12:57:23 GMT",
                            "@duration-ms": "1",
                            "@status": "PASS",
                            "reporter-output": null
                        },
                        {
                            "@signature": "testMethod3()[pri:0, instance:org.example.SampleTest@5656be13]",
                            "@started-at": "2024-01-18T12:57:23 GMT",
                            "@name": "testMethod3",
                            "@finished-at": "2024-01-18T12:57:24 GMT",
                            "@duration-ms": "1",
                            "@status": "FAIL",
                            "exception": {
                                "@class": "java.lang.AssertionError",
                                "message": "Test method 3 failed",
                                "full-stacktrace": "java.lang.AssertionError: Test method 3 failed\nat org.testng.Assert.fail(Assert.java:110)\nat org.example.SampleTest.testMethod3(SampleTest.java:20)\nat java.base/jdk.internal.reflect.NativeMethodAccessorImpl.invoke0(Native Method)\nat java.base/jdk.internal.reflect.NativeMethodAccessorImpl.invoke(NativeMethodAccessorImpl.java:77)\nat java.base/jdk.internal.reflect.DelegatingMethodAccessorImpl.invoke(DelegatingMethodAccessorImpl.java:43)\nat java.base/java.lang.reflect.Method.invoke(Method.java:568)\nat org.testng.internal.invokers.MethodInvocationHelper.invokeMethod(MethodInvocationHelper.java:139)\nat org.testng.internal.invokers.TestInvoker.invokeMethod(TestInvoker.java:677)\nat org.testng.internal.invokers.TestInvoker.invokeTestMethod(TestInvoker.java:221)\nat org.testng.internal.invokers.MethodRunner.runInSequence(MethodRunner.java:50)\nat org.testng.internal.invokers.TestInvoker$MethodInvocationAgent.invoke(TestInvoker.java:969)\nat org.testng.internal.invokers.TestInvoker.invokeTestMethods(TestInvoker.java:194)\nat org.testng.internal.invokers.TestMethodWorker.invokeTestMethods(TestMethodWorker.java:148)\nat org.testng.internal.invokers.TestMethodWorker.run(TestMethodWorker.java:128)\nat java.base/java.util.ArrayList.forEach(ArrayList.java:1511)\nat org.testng.TestRunner.privateRun(TestRunner.java:829)\nat org.testng.TestRunner.run(TestRunner.java:602)\nat org.testng.SuiteRunner.runTest(SuiteRunner.java:437)\nat org.testng.SuiteRunner.runSequentially(SuiteRunner.java:431)\nat org.testng.SuiteRunner.privateRun(SuiteRunner.java:391)\nat org.testng.SuiteRunner.run(SuiteRunner.java:330)\nat org.testng.SuiteRunnerWorker.runSuite(SuiteRunnerWorker.java:52)\nat org.testng.SuiteRunnerWorker.run(SuiteRunnerWorker.java:95)\nat org.testng.TestNG.runSuitesSequentially(TestNG.java:1256)\nat org.testng.TestNG.runSuitesLocally(TestNG.java:1176)\nat org.testng.TestNG.runSuites(TestNG.java:1099)\nat org.testng.TestNG.run(TestNG.java:1067)\nat org.testng.remote.AbstractRemoteTestNG.run(AbstractRemoteTestNG.java:115)\nat org.testng.remote.RemoteTestNG.initAndRun(RemoteTestNG.java:251)\nat org.testng.remote.RemoteTestNG.main(RemoteTestNG.java:77)"
                            },
                            "reporter-output": null
                        }
                    ]
                }
            }
        }
    }
}